2015-04-06 19:08:43,316 - indexer - INFO - Processing Indexer module...
2015-04-06 19:08:43,316 - indexer - INFO - Using TF_IDF Metric to calculate weights...
2015-04-06 19:08:43,819 - indexer - INFO - Total time of the weight calculus: 0.5025160312652588
2015-04-06 19:08:43,819 - indexer - INFO - Writing Vector Model on file.
2015-04-06 19:08:43,871 - indexer - INFO - Total time to write Vector Model on file: 0.05161309242248535
2015-04-06 19:08:43,871 - indexer - INFO - End of Indexer Module. Total of 0.5548458099365234 elapsed.
2015-04-06 19:09:05,356 - indexer - INFO - Processing Indexer module...
2015-04-06 19:09:05,356 - indexer - INFO - Using TF_IDF Metric to calculate weights...
2015-04-06 19:09:05,855 - indexer - INFO - Total time of the weight calculus: 0.49960803985595703
2015-04-06 19:09:05,856 - indexer - INFO - Writing Vector Model on file.
2015-04-06 19:09:05,907 - indexer - INFO - Total time to write Vector Model on file: 0.05093884468078613
2015-04-06 19:09:05,907 - indexer - INFO - End of Indexer Module. Total of 0.5512259006500244 elapsed.
2015-04-09 10:20:44,133 - indexer - INFO - Processing Indexer module...
2015-04-09 10:20:44,147 - indexer - INFO - Using TF_IDF Metric to calculate weights...
2015-04-09 10:20:44,691 - indexer - INFO - Total time of the weight calculus: 0.5441031455993652
2015-04-09 10:20:44,691 - indexer - INFO - Writing Vector Model on file.
2015-04-09 10:20:44,746 - indexer - INFO - Total time to write Vector Model on file: 0.05510282516479492
2015-04-09 10:20:44,746 - indexer - INFO - End of Indexer Module. Total of 0.6136808395385742 elapsed.
2015-04-09 19:23:49,560 - indexer - INFO - Processing Indexer module...
2015-04-09 19:23:49,560 - indexer - INFO - Using TF_IDF Metric to calculate weights...
2015-04-09 19:23:50,095 - indexer - INFO - Total time of the weight calculus: 0.5344099998474121
2015-04-09 19:23:50,095 - indexer - INFO - Writing Vector Model on file.
2015-04-09 19:23:50,148 - indexer - INFO - Total time to write Vector Model on file: 0.05317401885986328
2015-04-09 19:23:50,148 - indexer - INFO - End of Indexer Module. Total of 0.5883009433746338 elapsed.
2015-04-09 19:25:18,116 - indexer - INFO - Processing Indexer module...
2015-04-09 19:25:18,116 - indexer - INFO - Using TF_IDF Metric to calculate weights...
2015-04-09 19:25:18,653 - indexer - INFO - Total time of the weight calculus: 0.5373599529266357
2015-04-09 19:25:18,653 - indexer - INFO - Writing Vector Model on file.
2015-04-09 19:25:18,708 - indexer - INFO - Total time to write Vector Model on file: 0.05418992042541504
2015-04-09 19:25:18,708 - indexer - INFO - End of Indexer Module. Total of 0.5922250747680664 elapsed.
2015-04-09 19:27:07,481 - indexer - INFO - Processing Indexer module...
2015-04-09 19:27:07,481 - indexer - INFO - Using TF_IDF Metric to calculate weights...
2015-04-09 19:27:08,005 - indexer - INFO - Total time of the weight calculus: 0.5245199203491211
2015-04-09 19:27:08,006 - indexer - INFO - Writing Vector Model on file.
2015-04-09 19:27:08,059 - indexer - INFO - Total time to write Vector Model on file: 0.053436994552612305
2015-04-09 19:27:08,059 - indexer - INFO - End of Indexer Module. Total of 0.578632116317749 elapsed.
2015-04-09 22:48:01,095 - indexer - INFO - Processing Indexer module...
2015-04-09 22:48:01,113 - indexer - INFO - Using TF_IDF Metric to calculate weights...
2015-04-09 22:48:02,135 - indexer - INFO - Total time of the weight calculus: 1.0214519500732422
2015-04-09 22:48:02,135 - indexer - INFO - Writing Vector Model on file.
2015-04-09 22:48:02,209 - indexer - INFO - Total time to write Vector Model on file: 0.07413101196289062
2015-04-09 22:48:02,210 - indexer - INFO - End of Indexer Module. Total of 1.1151800155639648 elapsed.
2015-04-09 22:52:32,072 - indexer - INFO - Processing Indexer module...
2015-04-09 22:52:32,072 - indexer - INFO - Using TF_IDF Metric to calculate weights...
2015-04-09 22:52:33,040 - indexer - INFO - Total time of the weight calculus: 0.9675660133361816
2015-04-09 22:52:33,040 - indexer - INFO - Writing Vector Model on file.
2015-04-09 22:52:33,110 - indexer - INFO - Total time to write Vector Model on file: 0.06952619552612305
2015-04-09 22:52:33,110 - indexer - INFO - End of Indexer Module. Total of 1.038248062133789 elapsed.
2015-04-09 22:53:41,521 - indexer - INFO - Processing Indexer module...
2015-04-09 22:53:41,521 - indexer - INFO - Using TF_IDF Metric to calculate weights...
2015-04-09 22:53:42,492 - indexer - INFO - Total time of the weight calculus: 0.9714031219482422
2015-04-09 22:53:42,493 - indexer - INFO - Writing Vector Model on file.
2015-04-09 22:53:42,561 - indexer - INFO - Total time to write Vector Model on file: 0.06853008270263672
2015-04-09 22:53:42,562 - indexer - INFO - End of Indexer Module. Total of 1.0412509441375732 elapsed.
2015-04-09 23:24:30,086 - indexer - INFO - Processing Indexer module...
2015-04-09 23:24:30,086 - indexer - INFO - Using TF_IDF Metric to calculate weights...
2015-04-09 23:24:31,061 - indexer - INFO - Total time of the weight calculus: 0.9748499393463135
2015-04-09 23:24:31,061 - indexer - INFO - Writing Vector Model on file.
2015-04-09 23:24:31,132 - indexer - INFO - Total time to write Vector Model on file: 0.0706479549407959
2015-04-09 23:24:31,132 - indexer - INFO - End of Indexer Module. Total of 1.0467541217803955 elapsed.
2015-04-09 23:25:28,943 - indexer - INFO - Processing Indexer module...
2015-04-09 23:25:28,943 - indexer - INFO - Using TF_IDF Metric to calculate weights...
2015-04-09 23:25:30,000 - indexer - INFO - Total time of the weight calculus: 1.0565950870513916
2015-04-09 23:25:30,000 - indexer - INFO - Writing Vector Model on file.
2015-04-09 23:25:30,087 - indexer - INFO - Total time to write Vector Model on file: 0.08697199821472168
2015-04-09 23:25:30,087 - indexer - INFO - End of Indexer Module. Total of 1.1449031829833984 elapsed.
2015-04-09 23:38:39,298 - indexer - INFO - Processing Indexer module...
2015-04-09 23:38:39,298 - indexer - INFO - Using TF_IDF Metric to calculate weights...
2015-04-09 23:38:40,283 - indexer - INFO - Total time of the weight calculus: 0.984943151473999
2015-04-09 23:38:40,284 - indexer - INFO - Writing Vector Model on file.
2015-04-09 23:38:40,354 - indexer - INFO - Total time to write Vector Model on file: 0.07020401954650879
2015-04-09 23:38:40,354 - indexer - INFO - End of Indexer Module. Total of 1.0562829971313477 elapsed.
