2015-04-06 19:08:44,017 - Searcher - INFO - Processing Searcher Module...
2015-04-06 19:08:44,017 - Searcher - INFO - Transforming String to Dictionary...
2015-04-06 19:08:44,215 - Searcher - INFO - Transforming String to Dictionary...
2015-04-06 19:08:44,215 - Searcher - INFO - Making search and calculating rankings...
2015-04-06 19:08:44,216 - Searcher - WARNING - word 'ARE' not found!
2015-04-06 19:08:44,217 - Searcher - WARNING - word 'AND/OR' not found!
2015-04-06 19:08:44,217 - Searcher - WARNING - word 'ARE' not found!
2015-04-06 19:08:44,218 - Searcher - WARNING - word 'EG' not found!
2015-04-06 19:08:44,219 - Searcher - WARNING - word 'ARE' not found!
2015-04-06 19:08:44,219 - Searcher - WARNING - word 'WHICH' not found!
2015-04-06 19:08:44,219 - Searcher - WARNING - word 'ARE' not found!
2015-04-06 19:08:44,219 - Searcher - WARNING - word 'HAVE' not found!
2015-04-06 19:08:44,220 - Searcher - WARNING - word 'BEEN' not found!
2015-04-06 19:08:44,221 - Searcher - WARNING - word 'NON-INVASIVE' not found!
2015-04-06 19:08:44,221 - Searcher - WARNING - word 'CAN' not found!
2015-04-06 19:08:44,221 - Searcher - WARNING - word 'BE' not found!
2015-04-06 19:08:44,222 - Searcher - WARNING - word 'ARE' not found!
2015-04-06 19:08:44,223 - Searcher - WARNING - word 'ARE' not found!
2015-04-06 19:08:44,223 - Searcher - WARNING - word 'THAN' not found!
2015-04-06 19:08:44,223 - Searcher - WARNING - word '?' not found!
2015-04-06 19:08:44,223 - Searcher - WARNING - word 'ARE' not found!
2015-04-06 19:08:44,224 - Searcher - WARNING - word '?' not found!
2015-04-06 19:08:44,226 - Searcher - WARNING - word 'ARE' not found!
2015-04-06 19:08:44,226 - Searcher - WARNING - word 'HAVE' not found!
2015-04-06 19:08:44,226 - Searcher - WARNING - word 'BEEN' not found!
2015-04-06 19:08:44,227 - Searcher - WARNING - word 'ARE' not found!
2015-04-06 19:08:44,230 - Searcher - WARNING - word 'PROTECT' not found!
2015-04-06 19:08:44,230 - Searcher - WARNING - word 'HAVE' not found!
2015-04-06 19:08:44,231 - Searcher - WARNING - word 'BEEN' not found!
2015-04-06 19:08:44,231 - Searcher - WARNING - word '``' not found!
2015-04-06 19:08:44,232 - Searcher - WARNING - word '''' not found!
2015-04-06 19:08:44,232 - Searcher - WARNING - word 'HAVE' not found!
2015-04-06 19:08:44,232 - Searcher - WARNING - word 'BEEN' not found!
2015-04-06 19:08:44,232 - Searcher - WARNING - word '(' not found!
2015-04-06 19:08:44,232 - Searcher - WARNING - word '``' not found!
2015-04-06 19:08:44,232 - Searcher - WARNING - word '''' not found!
2015-04-06 19:08:44,232 - Searcher - WARNING - word 'ARE' not found!
2015-04-06 19:08:44,232 - Searcher - WARNING - word 'BIOLOGICALLY' not found!
2015-04-06 19:08:44,232 - Searcher - WARNING - word '.' not found!
2015-04-06 19:08:44,235 - Searcher - WARNING - word 'ARE' not found!
2015-04-06 19:08:44,235 - Searcher - WARNING - word 'ANTIPROTEASES' not found!
2015-04-06 19:08:44,237 - Searcher - WARNING - word 'HAVE' not found!
2015-04-06 19:08:44,237 - Searcher - WARNING - word 'HAD' not found!
2015-04-06 19:08:44,237 - Searcher - WARNING - word 'ARE' not found!
2015-04-06 19:08:44,238 - Searcher - WARNING - word 'ARE' not found!
2015-04-06 19:08:44,239 - Searcher - WARNING - word '(' not found!
2015-04-06 19:08:44,239 - Searcher - WARNING - word 'THAN' not found!
2015-04-06 19:08:44,240 - Searcher - WARNING - word 'ARE' not found!
2015-04-06 19:08:44,240 - Searcher - WARNING - word 'ARE' not found!
2015-04-06 19:08:44,242 - Searcher - WARNING - word 'ARE' not found!
2015-04-06 19:08:44,243 - Searcher - WARNING - word 'ARE' not found!
2015-04-06 19:08:44,244 - Searcher - WARNING - word 'HAVE' not found!
2015-04-06 19:08:44,244 - Searcher - WARNING - word 'BEEN' not found!
2015-04-06 19:08:44,245 - Searcher - WARNING - word 'NON-CAUCASIAN' not found!
2015-04-06 19:08:44,246 - Searcher - WARNING - word 'WHOM' not found!
2015-04-06 19:08:44,247 - Searcher - WARNING - word 'HAVE' not found!
2015-04-06 19:08:44,247 - Searcher - WARNING - word '?' not found!
2015-04-06 19:08:44,248 - Searcher - WARNING - word 'THAN' not found!
2015-04-06 19:08:44,248 - Searcher - WARNING - word 'ARE' not found!
2015-04-06 19:08:44,248 - Searcher - WARNING - word 'WHOM' not found!
2015-04-06 19:08:44,248 - Searcher - WARNING - word 'INCOMPLETELY' not found!
2015-04-06 19:08:44,250 - Searcher - WARNING - word 'HAVE' not found!
2015-04-06 19:08:44,250 - Searcher - WARNING - word 'BEEN' not found!
2015-04-06 19:08:44,251 - Searcher - WARNING - word 'HAVE' not found!
2015-04-06 19:08:44,251 - Searcher - WARNING - word 'BEEN' not found!
2015-04-06 19:08:44,254 - Searcher - WARNING - word 'ARE' not found!
2015-04-06 19:08:44,255 - Searcher - WARNING - word 'AND/OR' not found!
2015-04-06 19:08:44,255 - Searcher - WARNING - word 'ARE' not found!
2015-04-06 19:08:44,256 - Searcher - WARNING - word 'ARE' not found!
2015-04-06 19:08:44,257 - Searcher - WARNING - word 'ARE' not found!
2015-04-06 19:08:44,257 - Searcher - WARNING - word 'ARE' not found!
2015-04-06 19:08:44,257 - Searcher - WARNING - word 'PHARMACODYNAMICS' not found!
2015-04-06 19:08:44,258 - Searcher - WARNING - word 'ARE' not found!
2015-04-06 19:08:44,258 - Searcher - WARNING - word '?' not found!
2015-04-06 19:08:44,259 - Searcher - WARNING - word 'CAN' not found!
2015-04-06 19:08:44,259 - Searcher - WARNING - word 'BE' not found!
2015-04-06 19:08:44,259 - Searcher - WARNING - word 'PRENATALLY' not found!
2015-04-06 19:08:44,259 - Searcher - WARNING - word 'BE' not found!
2015-04-06 19:08:44,260 - Searcher - WARNING - word 'THAN' not found!
2015-04-06 19:08:44,260 - Searcher - WARNING - word 'GIBSON-COOKE' not found!
2015-04-06 19:08:44,260 - Searcher - WARNING - word 'ARE' not found!
2015-04-06 19:08:44,261 - Searcher - WARNING - word 'BEEN' not found!
2015-04-06 19:08:44,261 - Searcher - WARNING - word 'HAVE' not found!
2015-04-06 19:08:44,262 - Searcher - WARNING - word 'ARE' not found!
2015-04-06 19:08:44,263 - Searcher - WARNING - word 'ARE' not found!
2015-04-06 19:08:44,263 - Searcher - WARNING - word 'ARE' not found!
2015-04-06 19:08:44,265 - Searcher - WARNING - word 'HAVE' not found!
2015-04-06 19:08:44,265 - Searcher - WARNING - word 'BEEN' not found!
2015-04-06 19:08:44,267 - Searcher - WARNING - word '?' not found!
2015-04-06 19:08:44,269 - Searcher - WARNING - word 'EVER' not found!
2015-04-06 19:08:44,269 - Searcher - WARNING - word 'THAN' not found!
2015-04-06 19:08:44,269 - Searcher - WARNING - word 'SO' not found!
2015-04-06 19:08:44,271 - Searcher - WARNING - word 'THAN' not found!
2015-04-06 19:08:44,272 - Searcher - WARNING - word 'ARE' not found!
2015-04-06 19:08:44,273 - Searcher - WARNING - word 'THAN' not found!
2015-04-06 19:08:44,276 - Searcher - WARNING - word 'ARE' not found!
2015-04-06 19:08:44,278 - Searcher - WARNING - word 'ARE' not found!
2015-04-06 19:08:44,279 - Searcher - WARNING - word 'ARE' not found!
2015-04-06 19:08:44,280 - Searcher - WARNING - word 'CAN' not found!
2015-04-06 19:08:44,281 - Searcher - WARNING - word 'THAN' not found!
2015-04-06 19:08:44,281 - Searcher - WARNING - word 'BE' not found!
2015-04-06 19:08:44,282 - Searcher - WARNING - word 'AND/OR' not found!
2015-04-06 19:08:44,282 - Searcher - WARNING - word 'TRANSPORT/PERMEABILITY' not found!
2015-04-06 19:08:44,283 - Searcher - WARNING - word 'HAVE' not found!
2015-04-06 19:08:44,283 - Searcher - WARNING - word 'BEEN' not found!
2015-04-06 19:08:44,284 - Searcher - WARNING - word 'ARE' not found!
2015-04-06 19:08:44,284 - Searcher - WARNING - word 'NON-CF' not found!
2015-04-06 19:08:44,284 - Searcher - WARNING - word 'HAVE' not found!
2015-04-06 19:08:44,284 - Searcher - WARNING - word 'BEEN' not found!
2015-04-06 19:08:44,285 - Searcher - WARNING - word 'ARE' not found!
2015-04-06 19:08:44,286 - Searcher - INFO - Searching and ranking calculus operation finished with 0.07021808624267578
2015-04-06 19:08:44,286 - Searcher - INFO - Writing search results on file...
2015-04-06 19:08:44,354 - Searcher - INFO - End of Searcher Module processing. Total of 0.3373839855194092 elapsed.
2015-04-06 19:09:06,056 - Searcher - INFO - Processing Searcher Module...
2015-04-06 19:09:06,056 - Searcher - INFO - Transforming String to Dictionary...
2015-04-06 19:09:06,256 - Searcher - INFO - Transforming String to Dictionary...
2015-04-06 19:09:06,256 - Searcher - INFO - Making search and calculating rankings...
2015-04-06 19:09:06,257 - Searcher - WARNING - word 'ARE' not found!
2015-04-06 19:09:06,258 - Searcher - WARNING - word 'AND/OR' not found!
2015-04-06 19:09:06,258 - Searcher - WARNING - word 'ARE' not found!
2015-04-06 19:09:06,259 - Searcher - WARNING - word 'EG' not found!
2015-04-06 19:09:06,260 - Searcher - WARNING - word 'ARE' not found!
2015-04-06 19:09:06,260 - Searcher - WARNING - word 'WHICH' not found!
2015-04-06 19:09:06,260 - Searcher - WARNING - word 'ARE' not found!
2015-04-06 19:09:06,261 - Searcher - WARNING - word 'HAVE' not found!
2015-04-06 19:09:06,261 - Searcher - WARNING - word 'BEEN' not found!
2015-04-06 19:09:06,262 - Searcher - WARNING - word 'NON-INVASIVE' not found!
2015-04-06 19:09:06,262 - Searcher - WARNING - word 'CAN' not found!
2015-04-06 19:09:06,262 - Searcher - WARNING - word 'BE' not found!
2015-04-06 19:09:06,263 - Searcher - WARNING - word 'ARE' not found!
2015-04-06 19:09:06,264 - Searcher - WARNING - word 'ARE' not found!
2015-04-06 19:09:06,264 - Searcher - WARNING - word 'THAN' not found!
2015-04-06 19:09:06,264 - Searcher - WARNING - word '?' not found!
2015-04-06 19:09:06,265 - Searcher - WARNING - word 'ARE' not found!
2015-04-06 19:09:06,265 - Searcher - WARNING - word '?' not found!
2015-04-06 19:09:06,267 - Searcher - WARNING - word 'ARE' not found!
2015-04-06 19:09:06,268 - Searcher - WARNING - word 'HAVE' not found!
2015-04-06 19:09:06,268 - Searcher - WARNING - word 'BEEN' not found!
2015-04-06 19:09:06,269 - Searcher - WARNING - word 'ARE' not found!
2015-04-06 19:09:06,272 - Searcher - WARNING - word 'PROTECT' not found!
2015-04-06 19:09:06,272 - Searcher - WARNING - word 'HAVE' not found!
2015-04-06 19:09:06,272 - Searcher - WARNING - word 'BEEN' not found!
2015-04-06 19:09:06,273 - Searcher - WARNING - word '``' not found!
2015-04-06 19:09:06,273 - Searcher - WARNING - word '''' not found!
2015-04-06 19:09:06,273 - Searcher - WARNING - word 'HAVE' not found!
2015-04-06 19:09:06,274 - Searcher - WARNING - word 'BEEN' not found!
2015-04-06 19:09:06,274 - Searcher - WARNING - word '(' not found!
2015-04-06 19:09:06,274 - Searcher - WARNING - word '``' not found!
2015-04-06 19:09:06,274 - Searcher - WARNING - word '''' not found!
2015-04-06 19:09:06,274 - Searcher - WARNING - word 'ARE' not found!
2015-04-06 19:09:06,274 - Searcher - WARNING - word 'BIOLOGICALLY' not found!
2015-04-06 19:09:06,274 - Searcher - WARNING - word '.' not found!
2015-04-06 19:09:06,277 - Searcher - WARNING - word 'ARE' not found!
2015-04-06 19:09:06,277 - Searcher - WARNING - word 'ANTIPROTEASES' not found!
2015-04-06 19:09:06,279 - Searcher - WARNING - word 'HAVE' not found!
2015-04-06 19:09:06,279 - Searcher - WARNING - word 'HAD' not found!
2015-04-06 19:09:06,280 - Searcher - WARNING - word 'ARE' not found!
2015-04-06 19:09:06,280 - Searcher - WARNING - word 'ARE' not found!
2015-04-06 19:09:06,282 - Searcher - WARNING - word '(' not found!
2015-04-06 19:09:06,282 - Searcher - WARNING - word 'THAN' not found!
2015-04-06 19:09:06,282 - Searcher - WARNING - word 'ARE' not found!
2015-04-06 19:09:06,283 - Searcher - WARNING - word 'ARE' not found!
2015-04-06 19:09:06,284 - Searcher - WARNING - word 'ARE' not found!
2015-04-06 19:09:06,286 - Searcher - WARNING - word 'ARE' not found!
2015-04-06 19:09:06,287 - Searcher - WARNING - word 'HAVE' not found!
2015-04-06 19:09:06,287 - Searcher - WARNING - word 'BEEN' not found!
2015-04-06 19:09:06,287 - Searcher - WARNING - word 'NON-CAUCASIAN' not found!
2015-04-06 19:09:06,289 - Searcher - WARNING - word 'WHOM' not found!
2015-04-06 19:09:06,289 - Searcher - WARNING - word 'HAVE' not found!
2015-04-06 19:09:06,289 - Searcher - WARNING - word '?' not found!
2015-04-06 19:09:06,291 - Searcher - WARNING - word 'THAN' not found!
2015-04-06 19:09:06,291 - Searcher - WARNING - word 'ARE' not found!
2015-04-06 19:09:06,291 - Searcher - WARNING - word 'WHOM' not found!
2015-04-06 19:09:06,291 - Searcher - WARNING - word 'INCOMPLETELY' not found!
2015-04-06 19:09:06,293 - Searcher - WARNING - word 'HAVE' not found!
2015-04-06 19:09:06,293 - Searcher - WARNING - word 'BEEN' not found!
2015-04-06 19:09:06,294 - Searcher - WARNING - word 'HAVE' not found!
2015-04-06 19:09:06,294 - Searcher - WARNING - word 'BEEN' not found!
2015-04-06 19:09:06,297 - Searcher - WARNING - word 'ARE' not found!
2015-04-06 19:09:06,298 - Searcher - WARNING - word 'AND/OR' not found!
2015-04-06 19:09:06,299 - Searcher - WARNING - word 'ARE' not found!
2015-04-06 19:09:06,300 - Searcher - WARNING - word 'ARE' not found!
2015-04-06 19:09:06,301 - Searcher - WARNING - word 'ARE' not found!
2015-04-06 19:09:06,301 - Searcher - WARNING - word 'ARE' not found!
2015-04-06 19:09:06,301 - Searcher - WARNING - word 'PHARMACODYNAMICS' not found!
2015-04-06 19:09:06,301 - Searcher - WARNING - word 'ARE' not found!
2015-04-06 19:09:06,301 - Searcher - WARNING - word '?' not found!
2015-04-06 19:09:06,303 - Searcher - WARNING - word 'CAN' not found!
2015-04-06 19:09:06,303 - Searcher - WARNING - word 'BE' not found!
2015-04-06 19:09:06,303 - Searcher - WARNING - word 'PRENATALLY' not found!
2015-04-06 19:09:06,303 - Searcher - WARNING - word 'BE' not found!
2015-04-06 19:09:06,304 - Searcher - WARNING - word 'THAN' not found!
2015-04-06 19:09:06,304 - Searcher - WARNING - word 'GIBSON-COOKE' not found!
2015-04-06 19:09:06,304 - Searcher - WARNING - word 'ARE' not found!
2015-04-06 19:09:06,304 - Searcher - WARNING - word 'BEEN' not found!
2015-04-06 19:09:06,305 - Searcher - WARNING - word 'HAVE' not found!
2015-04-06 19:09:06,306 - Searcher - WARNING - word 'ARE' not found!
2015-04-06 19:09:06,306 - Searcher - WARNING - word 'ARE' not found!
2015-04-06 19:09:06,307 - Searcher - WARNING - word 'ARE' not found!
2015-04-06 19:09:06,309 - Searcher - WARNING - word 'HAVE' not found!
2015-04-06 19:09:06,309 - Searcher - WARNING - word 'BEEN' not found!
2015-04-06 19:09:06,311 - Searcher - WARNING - word '?' not found!
2015-04-06 19:09:06,313 - Searcher - WARNING - word 'EVER' not found!
2015-04-06 19:09:06,313 - Searcher - WARNING - word 'THAN' not found!
2015-04-06 19:09:06,313 - Searcher - WARNING - word 'SO' not found!
2015-04-06 19:09:06,316 - Searcher - WARNING - word 'THAN' not found!
2015-04-06 19:09:06,317 - Searcher - WARNING - word 'ARE' not found!
2015-04-06 19:09:06,318 - Searcher - WARNING - word 'THAN' not found!
2015-04-06 19:09:06,321 - Searcher - WARNING - word 'ARE' not found!
2015-04-06 19:09:06,323 - Searcher - WARNING - word 'ARE' not found!
2015-04-06 19:09:06,324 - Searcher - WARNING - word 'ARE' not found!
2015-04-06 19:09:06,324 - Searcher - WARNING - word 'CAN' not found!
2015-04-06 19:09:06,326 - Searcher - WARNING - word 'THAN' not found!
2015-04-06 19:09:06,326 - Searcher - WARNING - word 'BE' not found!
2015-04-06 19:09:06,327 - Searcher - WARNING - word 'AND/OR' not found!
2015-04-06 19:09:06,327 - Searcher - WARNING - word 'TRANSPORT/PERMEABILITY' not found!
2015-04-06 19:09:06,328 - Searcher - WARNING - word 'HAVE' not found!
2015-04-06 19:09:06,328 - Searcher - WARNING - word 'BEEN' not found!
2015-04-06 19:09:06,329 - Searcher - WARNING - word 'ARE' not found!
2015-04-06 19:09:06,329 - Searcher - WARNING - word 'NON-CF' not found!
2015-04-06 19:09:06,330 - Searcher - WARNING - word 'HAVE' not found!
2015-04-06 19:09:06,330 - Searcher - WARNING - word 'BEEN' not found!
2015-04-06 19:09:06,330 - Searcher - WARNING - word 'ARE' not found!
2015-04-06 19:09:06,331 - Searcher - INFO - Searching and ranking calculus operation finished with 0.07449483871459961
2015-04-06 19:09:06,331 - Searcher - INFO - Writing search results on file...
2015-04-06 19:09:06,397 - Searcher - INFO - End of Searcher Module processing. Total of 0.34117603302001953 elapsed.
