2015-04-06 13:20:08,643 - searcher - INFO - Processing Searcher Module...
2015-04-06 13:20:08,643 - searcher - INFO - Transforming String to Dictionary...
2015-04-06 13:20:08,836 - searcher - INFO - Transforming String to Dictionary...
2015-04-06 13:20:08,836 - searcher - INFO - Making search and calculating rankings...
2015-04-06 13:20:08,837 - searcher - WARNING - word 'ARE' not found!
2015-04-06 13:20:08,837 - searcher - WARNING - word 'AND/OR' not found!
2015-04-06 13:20:08,838 - searcher - WARNING - word 'ARE' not found!
2015-04-06 13:20:08,838 - searcher - WARNING - word 'EG' not found!
2015-04-06 13:20:08,840 - searcher - WARNING - word 'ARE' not found!
2015-04-06 13:20:08,840 - searcher - WARNING - word 'WHICH' not found!
2015-04-06 13:20:08,840 - searcher - WARNING - word 'ARE' not found!
2015-04-06 13:20:08,840 - searcher - WARNING - word 'HAVE' not found!
2015-04-06 13:20:08,840 - searcher - WARNING - word 'BEEN' not found!
2015-04-06 13:20:08,842 - searcher - WARNING - word 'NON-INVASIVE' not found!
2015-04-06 13:20:08,842 - searcher - WARNING - word 'CAN' not found!
2015-04-06 13:20:08,842 - searcher - WARNING - word 'BE' not found!
2015-04-06 13:20:08,843 - searcher - WARNING - word 'ARE' not found!
2015-04-06 13:20:08,844 - searcher - WARNING - word 'ARE' not found!
2015-04-06 13:20:08,844 - searcher - WARNING - word 'THAN' not found!
2015-04-06 13:20:08,844 - searcher - WARNING - word '?' not found!
2015-04-06 13:20:08,845 - searcher - WARNING - word 'ARE' not found!
2015-04-06 13:20:08,845 - searcher - WARNING - word '?' not found!
2015-04-06 13:20:08,847 - searcher - WARNING - word 'ARE' not found!
2015-04-06 13:20:08,848 - searcher - WARNING - word 'HAVE' not found!
2015-04-06 13:20:08,848 - searcher - WARNING - word 'BEEN' not found!
2015-04-06 13:20:08,849 - searcher - WARNING - word 'ARE' not found!
2015-04-06 13:20:08,852 - searcher - WARNING - word 'PROTECT' not found!
2015-04-06 13:20:08,853 - searcher - WARNING - word 'HAVE' not found!
2015-04-06 13:20:08,853 - searcher - WARNING - word 'BEEN' not found!
2015-04-06 13:20:08,854 - searcher - WARNING - word '``' not found!
2015-04-06 13:20:08,854 - searcher - WARNING - word '''' not found!
2015-04-06 13:20:08,854 - searcher - WARNING - word 'HAVE' not found!
2015-04-06 13:20:08,854 - searcher - WARNING - word 'BEEN' not found!
2015-04-06 13:20:08,854 - searcher - WARNING - word '(' not found!
2015-04-06 13:20:08,854 - searcher - WARNING - word '``' not found!
2015-04-06 13:20:08,854 - searcher - WARNING - word '''' not found!
2015-04-06 13:20:08,854 - searcher - WARNING - word 'ARE' not found!
2015-04-06 13:20:08,854 - searcher - WARNING - word 'BIOLOGICALLY' not found!
2015-04-06 13:20:08,855 - searcher - WARNING - word '.' not found!
2015-04-06 13:20:08,858 - searcher - WARNING - word 'ARE' not found!
2015-04-06 13:20:08,858 - searcher - WARNING - word 'ANTIPROTEASES' not found!
2015-04-06 13:20:08,860 - searcher - WARNING - word 'HAVE' not found!
2015-04-06 13:20:08,860 - searcher - WARNING - word 'HAD' not found!
2015-04-06 13:20:08,860 - searcher - WARNING - word 'ARE' not found!
2015-04-06 13:20:08,861 - searcher - WARNING - word 'ARE' not found!
2015-04-06 13:20:08,862 - searcher - WARNING - word '(' not found!
2015-04-06 13:20:08,863 - searcher - WARNING - word 'THAN' not found!
2015-04-06 13:20:08,863 - searcher - WARNING - word 'ARE' not found!
2015-04-06 13:20:08,864 - searcher - WARNING - word 'ARE' not found!
2015-04-06 13:20:08,866 - searcher - WARNING - word 'ARE' not found!
2015-04-06 13:20:08,867 - searcher - WARNING - word 'ARE' not found!
2015-04-06 13:20:08,868 - searcher - WARNING - word 'HAVE' not found!
2015-04-06 13:20:08,868 - searcher - WARNING - word 'BEEN' not found!
2015-04-06 13:20:08,869 - searcher - WARNING - word 'NON-CAUCASIAN' not found!
2015-04-06 13:20:08,871 - searcher - WARNING - word 'WHOM' not found!
2015-04-06 13:20:08,871 - searcher - WARNING - word 'HAVE' not found!
2015-04-06 13:20:08,871 - searcher - WARNING - word '?' not found!
2015-04-06 13:20:08,872 - searcher - WARNING - word 'THAN' not found!
2015-04-06 13:20:08,873 - searcher - WARNING - word 'ARE' not found!
2015-04-06 13:20:08,873 - searcher - WARNING - word 'WHOM' not found!
2015-04-06 13:20:08,873 - searcher - WARNING - word 'INCOMPLETELY' not found!
2015-04-06 13:20:08,875 - searcher - WARNING - word 'HAVE' not found!
2015-04-06 13:20:08,875 - searcher - WARNING - word 'BEEN' not found!
2015-04-06 13:20:08,876 - searcher - WARNING - word 'HAVE' not found!
2015-04-06 13:20:08,876 - searcher - WARNING - word 'BEEN' not found!
2015-04-06 13:20:08,880 - searcher - WARNING - word 'ARE' not found!
2015-04-06 13:20:08,881 - searcher - WARNING - word 'AND/OR' not found!
2015-04-06 13:20:08,881 - searcher - WARNING - word 'ARE' not found!
2015-04-06 13:20:08,882 - searcher - WARNING - word 'ARE' not found!
2015-04-06 13:20:08,883 - searcher - WARNING - word 'ARE' not found!
2015-04-06 13:20:08,883 - searcher - WARNING - word 'ARE' not found!
2015-04-06 13:20:08,884 - searcher - WARNING - word 'PHARMACODYNAMICS' not found!
2015-04-06 13:20:08,884 - searcher - WARNING - word 'ARE' not found!
2015-04-06 13:20:08,884 - searcher - WARNING - word '?' not found!
2015-04-06 13:20:08,885 - searcher - WARNING - word 'CAN' not found!
2015-04-06 13:20:08,886 - searcher - WARNING - word 'BE' not found!
2015-04-06 13:20:08,886 - searcher - WARNING - word 'PRENATALLY' not found!
2015-04-06 13:20:08,886 - searcher - WARNING - word 'BE' not found!
2015-04-06 13:20:08,886 - searcher - WARNING - word 'THAN' not found!
2015-04-06 13:20:08,887 - searcher - WARNING - word 'GIBSON-COOKE' not found!
2015-04-06 13:20:08,887 - searcher - WARNING - word 'ARE' not found!
2015-04-06 13:20:08,887 - searcher - WARNING - word 'BEEN' not found!
2015-04-06 13:20:08,887 - searcher - WARNING - word 'HAVE' not found!
2015-04-06 13:20:08,889 - searcher - WARNING - word 'ARE' not found!
2015-04-06 13:20:08,889 - searcher - WARNING - word 'ARE' not found!
2015-04-06 13:20:08,890 - searcher - WARNING - word 'ARE' not found!
2015-04-06 13:20:08,892 - searcher - WARNING - word 'HAVE' not found!
2015-04-06 13:20:08,892 - searcher - WARNING - word 'BEEN' not found!
2015-04-06 13:20:08,895 - searcher - WARNING - word '?' not found!
2015-04-06 13:20:08,896 - searcher - WARNING - word 'EVER' not found!
2015-04-06 13:20:08,896 - searcher - WARNING - word 'THAN' not found!
2015-04-06 13:20:08,897 - searcher - WARNING - word 'SO' not found!
2015-04-06 13:20:08,899 - searcher - WARNING - word 'THAN' not found!
2015-04-06 13:20:08,900 - searcher - WARNING - word 'ARE' not found!
2015-04-06 13:20:08,901 - searcher - WARNING - word 'THAN' not found!
2015-04-06 13:20:08,905 - searcher - WARNING - word 'ARE' not found!
2015-04-06 13:20:08,907 - searcher - WARNING - word 'ARE' not found!
2015-04-06 13:20:08,908 - searcher - WARNING - word 'ARE' not found!
2015-04-06 13:20:08,909 - searcher - WARNING - word 'CAN' not found!
2015-04-06 13:20:08,910 - searcher - WARNING - word 'THAN' not found!
2015-04-06 13:20:08,911 - searcher - WARNING - word 'BE' not found!
2015-04-06 13:20:08,911 - searcher - WARNING - word 'AND/OR' not found!
2015-04-06 13:20:08,911 - searcher - WARNING - word 'TRANSPORT/PERMEABILITY' not found!
2015-04-06 13:20:08,912 - searcher - WARNING - word 'HAVE' not found!
2015-04-06 13:20:08,913 - searcher - WARNING - word 'BEEN' not found!
2015-04-06 13:20:08,913 - searcher - WARNING - word 'ARE' not found!
2015-04-06 13:20:08,914 - searcher - WARNING - word 'NON-CF' not found!
2015-04-06 13:20:08,914 - searcher - WARNING - word 'HAVE' not found!
2015-04-06 13:20:08,914 - searcher - WARNING - word 'BEEN' not found!
2015-04-06 13:20:08,915 - searcher - WARNING - word 'ARE' not found!
2015-04-06 13:20:08,916 - searcher - INFO - Writing search results on file...
2015-04-06 13:20:08,984 - searcher - INFO - End of Searcher Module processing.
