2015-04-06 19:08:43,872 - queryProcessor - INFO - Processing Query Processor Module...
2015-04-06 19:08:43,873 - queryProcessor - INFO - Reading /media/ED8E-DB71/GITHUB/Systems-Engineering/BRI/Work_1/data/cfquery.xml...
2015-04-06 19:08:43,963 - queryProcessor - INFO - Processing score list of Expected results...
2015-04-06 19:08:43,999 - queryProcessor - INFO - Read queries operation finished with 0.12595200538635254
2015-04-06 19:08:43,999 - queryProcessor - INFO - Writing Query Processor and Expected results on their respective files...
2015-04-06 19:08:44,007 - queryProcessor - INFO - Write operation finished with 0.008632898330688477
2015-04-06 19:08:44,008 - queryProcessor - INFO - End of Query Processor Module. Total of 0.1351909637451172 elapsed.
2015-04-06 19:09:05,908 - queryProcessor - INFO - Processing Query Processor Module...
2015-04-06 19:09:05,908 - queryProcessor - INFO - Reading /media/ED8E-DB71/GITHUB/Systems-Engineering/BRI/Work_1/data/cfquery.xml...
2015-04-06 19:09:06,000 - queryProcessor - INFO - Processing score list of Expected results...
2015-04-06 19:09:06,035 - queryProcessor - INFO - Read queries operation finished with 0.12626290321350098
2015-04-06 19:09:06,035 - queryProcessor - INFO - Writing Query Processor and Expected results on their respective files...
2015-04-06 19:09:06,046 - queryProcessor - INFO - Write operation finished with 0.011583089828491211
2015-04-06 19:09:06,047 - queryProcessor - INFO - End of Query Processor Module. Total of 0.1383960247039795 elapsed.
2015-04-09 10:20:44,754 - queryProcessor - INFO - Processing Query Processor Module...
2015-04-09 10:20:44,776 - queryProcessor - INFO - Reading /media/ED8E-DB71/GITHUB/Systems-Engineering/BRI/Work_1/data/cfquery.xml...
2015-04-09 10:20:44,889 - queryProcessor - INFO - Processing score list of Expected results...
2015-04-09 10:20:44,926 - queryProcessor - INFO - Read queries operation finished with 0.15008997917175293
2015-04-09 10:20:44,926 - queryProcessor - INFO - Writing Query Processor and Expected results on their respective files...
2015-04-09 10:20:44,938 - queryProcessor - INFO - Write operation finished with 0.012118101119995117
2015-04-09 10:20:44,938 - queryProcessor - INFO - End of Query Processor Module. Total of 0.18470120429992676 elapsed.
2015-04-09 19:23:50,150 - queryProcessor - INFO - Processing Query Processor Module...
2015-04-09 19:23:50,150 - queryProcessor - INFO - Reading /media/ED8E-DB71/GITHUB/Systems-Engineering/BRI/Work_1/data/cfquery.xml...
2015-04-09 19:23:50,243 - queryProcessor - INFO - Processing score list of Expected results...
2015-04-09 19:23:50,280 - queryProcessor - INFO - Read queries operation finished with 0.12944602966308594
2015-04-09 19:23:50,280 - queryProcessor - INFO - Writing Query Processor and Expected results on their respective files...
2015-04-09 19:23:50,290 - queryProcessor - INFO - Write operation finished with 0.00970315933227539
2015-04-09 19:23:50,290 - queryProcessor - INFO - End of Query Processor Module. Total of 0.1397390365600586 elapsed.
2015-04-09 19:25:18,709 - queryProcessor - INFO - Processing Query Processor Module...
2015-04-09 19:25:18,709 - queryProcessor - INFO - Reading /media/ED8E-DB71/GITHUB/Systems-Engineering/BRI/Work_1/data/cfquery.xml...
2015-04-09 19:25:18,801 - queryProcessor - INFO - Processing score list of Expected results...
2015-04-09 19:25:18,840 - queryProcessor - INFO - Read queries operation finished with 0.13068699836730957
2015-04-09 19:25:18,840 - queryProcessor - INFO - Writing Query Processor and Expected results on their respective files...
2015-04-09 19:25:18,849 - queryProcessor - INFO - Write operation finished with 0.00866389274597168
2015-04-09 19:25:18,849 - queryProcessor - INFO - End of Query Processor Module. Total of 0.13993096351623535 elapsed.
2015-04-09 19:27:08,061 - queryProcessor - INFO - Processing Query Processor Module...
2015-04-09 19:27:08,061 - queryProcessor - INFO - Reading /media/ED8E-DB71/GITHUB/Systems-Engineering/BRI/Work_1/data/cfquery.xml...
2015-04-09 19:27:08,151 - queryProcessor - INFO - Processing score list of Expected results...
2015-04-09 19:27:08,187 - queryProcessor - INFO - Read queries operation finished with 0.12622499465942383
2015-04-09 19:27:08,187 - queryProcessor - INFO - Writing Query Processor and Expected results on their respective files...
2015-04-09 19:27:08,196 - queryProcessor - INFO - Write operation finished with 0.00847005844116211
2015-04-09 19:27:08,196 - queryProcessor - INFO - End of Query Processor Module. Total of 0.13524508476257324 elapsed.
2015-04-09 22:48:02,220 - queryProcessor - INFO - Processing Query Processor Module...
2015-04-09 22:48:02,253 - queryProcessor - INFO - Reading /media/ED8E-DB71/GITHUB/Systems-Engineering/BRI/Work_1/data/cfquery.xml...
2015-04-09 22:48:02,455 - queryProcessor - INFO - Processing score list of Expected results...
2015-04-09 22:48:02,517 - queryProcessor - INFO - Read queries operation finished with 0.2635538578033447
2015-04-09 22:48:02,517 - queryProcessor - INFO - Writing Query Processor and Expected results on their respective files...
2015-04-09 22:48:02,530 - queryProcessor - INFO - Write operation finished with 0.013216018676757812
2015-04-09 22:48:02,531 - queryProcessor - INFO - End of Query Processor Module. Total of 0.3108999729156494 elapsed.
2015-04-09 22:52:33,113 - queryProcessor - INFO - Processing Query Processor Module...
2015-04-09 22:52:33,113 - queryProcessor - INFO - Reading /media/ED8E-DB71/GITHUB/Systems-Engineering/BRI/Work_1/data/cfquery.xml...
2015-04-09 22:52:33,298 - queryProcessor - INFO - Processing score list of Expected results...
2015-04-09 22:52:33,361 - queryProcessor - INFO - Read queries operation finished with 0.24782800674438477
2015-04-09 22:52:33,361 - queryProcessor - INFO - Writing Query Processor and Expected results on their respective files...
2015-04-09 22:52:33,375 - queryProcessor - INFO - Write operation finished with 0.013802766799926758
2015-04-09 22:52:33,375 - queryProcessor - INFO - End of Query Processor Module. Total of 0.262620210647583 elapsed.
2015-04-09 22:53:42,566 - queryProcessor - INFO - Processing Query Processor Module...
2015-04-09 22:53:42,566 - queryProcessor - INFO - Reading /media/ED8E-DB71/GITHUB/Systems-Engineering/BRI/Work_1/data/cfquery.xml...
2015-04-09 22:53:42,751 - queryProcessor - INFO - Processing score list of Expected results...
2015-04-09 22:53:42,816 - queryProcessor - INFO - Read queries operation finished with 0.25030088424682617
2015-04-09 22:53:42,817 - queryProcessor - INFO - Writing Query Processor and Expected results on their respective files...
2015-04-09 22:53:42,833 - queryProcessor - INFO - Write operation finished with 0.01633906364440918
2015-04-09 22:53:42,833 - queryProcessor - INFO - End of Query Processor Module. Total of 0.2679619789123535 elapsed.
2015-04-09 23:24:31,135 - queryProcessor - INFO - Processing Query Processor Module...
2015-04-09 23:24:31,135 - queryProcessor - INFO - Reading /media/ED8E-DB71/GITHUB/Systems-Engineering/BRI/Work_1/data/cfquery.xml...
2015-04-09 23:24:31,319 - queryProcessor - INFO - Processing score list of Expected results...
2015-04-09 23:24:31,382 - queryProcessor - INFO - Read queries operation finished with 0.24670004844665527
2015-04-09 23:24:31,382 - queryProcessor - INFO - Writing Query Processor and Expected results on their respective files...
2015-04-09 23:24:31,396 - queryProcessor - INFO - Write operation finished with 0.013659954071044922
2015-04-09 23:24:31,396 - queryProcessor - INFO - End of Query Processor Module. Total of 0.26138901710510254 elapsed.
2015-04-09 23:25:30,092 - queryProcessor - INFO - Processing Query Processor Module...
2015-04-09 23:25:30,092 - queryProcessor - INFO - Reading /media/ED8E-DB71/GITHUB/Systems-Engineering/BRI/Work_1/data/cfquery.xml...
2015-04-09 23:25:30,344 - queryProcessor - INFO - Processing score list of Expected results...
2015-04-09 23:25:30,441 - queryProcessor - INFO - Read queries operation finished with 0.3495750427246094
2015-04-09 23:25:30,442 - queryProcessor - INFO - Writing Query Processor and Expected results on their respective files...
2015-04-09 23:25:30,464 - queryProcessor - INFO - Write operation finished with 0.02214813232421875
2015-04-09 23:25:30,464 - queryProcessor - INFO - End of Query Processor Module. Total of 0.3730330467224121 elapsed.
2015-04-09 23:38:40,357 - queryProcessor - INFO - Processing Query Processor Module...
2015-04-09 23:38:40,357 - queryProcessor - INFO - Reading /media/ED8E-DB71/GITHUB/Systems-Engineering/BRI/Work_1/data/cfquery.xml...
2015-04-09 23:38:40,545 - queryProcessor - INFO - Processing score list of Expected results...
2015-04-09 23:38:40,609 - queryProcessor - INFO - Read queries operation finished with 0.25185704231262207
2015-04-09 23:38:40,609 - queryProcessor - INFO - Writing Query Processor and Expected results on their respective files...
2015-04-09 23:38:40,631 - queryProcessor - INFO - Write operation finished with 0.021752119064331055
2015-04-09 23:38:40,631 - queryProcessor - INFO - End of Query Processor Module. Total of 0.2745988368988037 elapsed.
2015-04-14 20:58:38,049 - queryProcessor - INFO - Processing Query Processor Module...
2015-04-14 20:58:38,063 - queryProcessor - INFO - Reading /media/ED8E-DB71/GITHUB/Systems-Engineering/BRI/Work_1/data/cfquery.xml...
2015-04-14 20:58:38,309 - queryProcessor - INFO - Processing score list of Expected results...
2015-04-14 20:58:38,373 - queryProcessor - INFO - Read queries operation finished with 0.3098111152648926
2015-04-14 20:58:38,373 - queryProcessor - INFO - Writing Query Processor and Expected results on their respective files...
2015-04-14 20:58:38,389 - queryProcessor - INFO - Write operation finished with 0.015697956085205078
2015-04-14 20:58:38,390 - queryProcessor - INFO - End of Query Processor Module. Total of 0.340623140335083 elapsed.
2015-04-14 21:00:33,782 - queryProcessor - INFO - Processing Query Processor Module...
2015-04-14 21:00:33,782 - queryProcessor - INFO - Reading /media/ED8E-DB71/GITHUB/Systems-Engineering/BRI/Work_1/data/cfquery.xml...
2015-04-14 21:00:33,967 - queryProcessor - INFO - Processing score list of Expected results...
2015-04-14 21:00:34,031 - queryProcessor - INFO - Read queries operation finished with 0.24847888946533203
2015-04-14 21:00:34,031 - queryProcessor - INFO - Writing Query Processor and Expected results on their respective files...
2015-04-14 21:00:34,045 - queryProcessor - INFO - Write operation finished with 0.014512062072753906
2015-04-14 21:00:34,046 - queryProcessor - INFO - End of Query Processor Module. Total of 0.2640340328216553 elapsed.
2015-04-14 21:09:23,071 - queryProcessor - INFO - Processing Query Processor Module...
2015-04-14 21:09:23,071 - queryProcessor - INFO - Reading /media/ED8E-DB71/GITHUB/Systems-Engineering/BRI/Work_1/data/cfquery.xml...
2015-04-14 21:09:23,257 - queryProcessor - INFO - Processing score list of Expected results...
2015-04-14 21:09:23,321 - queryProcessor - INFO - Read queries operation finished with 0.25011396408081055
2015-04-14 21:09:23,321 - queryProcessor - INFO - Writing Query Processor and Expected results on their respective files...
2015-04-14 21:09:23,336 - queryProcessor - INFO - Write operation finished with 0.014287948608398438
2015-04-14 21:09:23,336 - queryProcessor - INFO - End of Query Processor Module. Total of 0.2654139995574951 elapsed.
2015-04-14 21:12:34,583 - queryProcessor - INFO - Processing Query Processor Module...
2015-04-14 21:12:34,583 - queryProcessor - INFO - Reading /media/ED8E-DB71/GITHUB/Systems-Engineering/BRI/Work_1/data/cfquery.xml...
2015-04-14 21:12:34,781 - queryProcessor - INFO - Processing score list of Expected results...
2015-04-14 21:12:34,851 - queryProcessor - INFO - Read queries operation finished with 0.26848316192626953
2015-04-14 21:12:34,852 - queryProcessor - INFO - Writing Query Processor and Expected results on their respective files...
2015-04-14 21:12:34,870 - queryProcessor - INFO - Write operation finished with 0.017722129821777344
2015-04-14 21:12:34,870 - queryProcessor - INFO - End of Query Processor Module. Total of 0.2872588634490967 elapsed.
2015-04-14 21:25:05,881 - queryProcessor - INFO - Processing Query Processor Module...
2015-04-14 21:25:05,881 - queryProcessor - INFO - Reading /media/ED8E-DB71/GITHUB/Systems-Engineering/BRI/Work_1/data/cfquery.xml...
2015-04-14 21:25:06,038 - queryProcessor - INFO - Processing score list of Expected results...
2015-04-14 21:25:06,099 - queryProcessor - INFO - Read queries operation finished with 0.21825885772705078
2015-04-14 21:25:06,100 - queryProcessor - INFO - Writing Query Processor and Expected results on their respective files...
2015-04-14 21:25:06,113 - queryProcessor - INFO - Write operation finished with 0.013329029083251953
2015-04-14 21:25:06,114 - queryProcessor - INFO - End of Query Processor Module. Total of 0.23276305198669434 elapsed.
2015-04-14 21:26:32,633 - queryProcessor - INFO - Processing Query Processor Module...
2015-04-14 21:26:32,634 - queryProcessor - INFO - Reading /media/ED8E-DB71/GITHUB/Systems-Engineering/BRI/Work_1/data/cfquery.xml...
2015-04-14 21:26:32,825 - queryProcessor - INFO - Processing score list of Expected results...
2015-04-14 21:26:32,888 - queryProcessor - INFO - Read queries operation finished with 0.25475192070007324
2015-04-14 21:26:32,889 - queryProcessor - INFO - Writing Query Processor and Expected results on their respective files...
2015-04-14 21:26:32,904 - queryProcessor - INFO - Write operation finished with 0.015098094940185547
2015-04-14 21:26:32,904 - queryProcessor - INFO - End of Query Processor Module. Total of 0.27103495597839355 elapsed.
2015-04-14 22:18:33,342 - queryProcessor - INFO - Processing Query Processor Module...
2015-04-14 22:18:33,342 - queryProcessor - INFO - Reading /media/ED8E-DB71/GITHUB/Systems-Engineering/BRI/Work_1/data/cfquery.xml...
2015-04-14 22:18:33,518 - queryProcessor - INFO - Processing score list of Expected results...
2015-04-14 22:18:33,582 - queryProcessor - INFO - Read queries operation finished with 0.23970484733581543
2015-04-14 22:18:33,582 - queryProcessor - INFO - Writing Query Processor and Expected results on their respective files...
2015-04-14 22:18:33,599 - queryProcessor - INFO - Write operation finished with 0.01696610450744629
2015-04-14 22:18:33,600 - queryProcessor - INFO - End of Query Processor Module. Total of 0.25768184661865234 elapsed.
2015-04-14 23:28:42,053 - queryProcessor - INFO - Processing Query Processor Module...
2015-04-14 23:28:42,054 - queryProcessor - INFO - Reading /media/ED8E-DB71/GITHUB/Systems-Engineering/BRI/Work_1/data/cfquery.xml...
2015-04-14 23:28:42,228 - queryProcessor - INFO - Processing score list of Expected results...
2015-04-14 23:28:42,291 - queryProcessor - INFO - Read queries operation finished with 0.2377300262451172
2015-04-14 23:28:42,292 - queryProcessor - INFO - Writing Query Processor and Expected results on their respective files...
2015-04-14 23:28:42,309 - queryProcessor - INFO - Write operation finished with 0.016917943954467773
2015-04-14 23:28:42,309 - queryProcessor - INFO - End of Query Processor Module. Total of 0.2557840347290039 elapsed.
2015-04-14 23:32:19,482 - queryProcessor - INFO - Processing Query Processor Module...
2015-04-14 23:32:19,482 - queryProcessor - INFO - Reading /media/ED8E-DB71/GITHUB/Systems-Engineering/BRI/Work_1/data/cfquery.xml...
2015-04-14 23:32:19,653 - queryProcessor - INFO - Processing score list of Expected results...
2015-04-14 23:32:19,717 - queryProcessor - INFO - Read queries operation finished with 0.23488306999206543
2015-04-14 23:32:19,717 - queryProcessor - INFO - Writing Query Processor and Expected results on their respective files...
2015-04-14 23:32:19,732 - queryProcessor - INFO - Write operation finished with 0.01485586166381836
2015-04-14 23:32:19,733 - queryProcessor - INFO - End of Query Processor Module. Total of 0.25077295303344727 elapsed.
2015-04-14 23:38:16,728 - queryProcessor - INFO - Processing Query Processor Module...
2015-04-14 23:38:16,728 - queryProcessor - INFO - Reading /media/ED8E-DB71/GITHUB/Systems-Engineering/BRI/Work_1/data/cfquery.xml...
2015-04-14 23:38:16,899 - queryProcessor - INFO - Processing score list of Expected results...
2015-04-14 23:38:16,962 - queryProcessor - INFO - Read queries operation finished with 0.2337968349456787
2015-04-14 23:38:16,962 - queryProcessor - INFO - Writing Query Processor and Expected results on their respective files...
2015-04-14 23:38:16,977 - queryProcessor - INFO - Write operation finished with 0.0144500732421875
2015-04-14 23:38:16,977 - queryProcessor - INFO - End of Query Processor Module. Total of 0.24930787086486816 elapsed.
